Analysis & Synthesis report for SumadorProductosFnl
Thu Sep 25 10:16:49 2025
Quartus II 64-Bit Version 13.1.0 Build 162 10/23/2013 SJ Web Edition


---------------------
; Table of Contents ;
---------------------
  1. Legal Notice
  2. Analysis & Synthesis Summary
  3. Analysis & Synthesis Settings
  4. Parallel Compilation
  5. Analysis & Synthesis Source Files Read
  6. Analysis & Synthesis Resource Usage Summary
  7. Analysis & Synthesis Resource Utilization by Entity
  8. Registers Removed During Synthesis
  9. General Register Statistics
 10. Multiplexer Restructuring Statistics (Restructuring Performed)
 11. Parameter Settings for Inferred Entity Instance: BinBCD:DineroBCD|lpm_divide:Mod3
 12. Parameter Settings for Inferred Entity Instance: BinBCD:CambioBCD|lpm_divide:Mod3
 13. Parameter Settings for Inferred Entity Instance: BinBCD:DineroBCD|lpm_divide:Div2
 14. Parameter Settings for Inferred Entity Instance: BinBCD:DineroBCD|lpm_divide:Mod2
 15. Parameter Settings for Inferred Entity Instance: BinBCD:CambioBCD|lpm_divide:Div2
 16. Parameter Settings for Inferred Entity Instance: BinBCD:CambioBCD|lpm_divide:Mod2
 17. Parameter Settings for Inferred Entity Instance: BinBCD:DineroBCD|lpm_divide:Div1
 18. Parameter Settings for Inferred Entity Instance: BinBCD:DineroBCD|lpm_divide:Mod1
 19. Parameter Settings for Inferred Entity Instance: BinBCD:CambioBCD|lpm_divide:Div1
 20. Parameter Settings for Inferred Entity Instance: BinBCD:CambioBCD|lpm_divide:Mod1
 21. Parameter Settings for Inferred Entity Instance: BinBCD:DineroBCD|lpm_divide:Div0
 22. Parameter Settings for Inferred Entity Instance: BinBCD:DineroBCD|lpm_divide:Mod0
 23. Parameter Settings for Inferred Entity Instance: BinBCD:CambioBCD|lpm_divide:Div0
 24. Parameter Settings for Inferred Entity Instance: BinBCD:CambioBCD|lpm_divide:Mod0
 25. Port Connectivity Checks: "ControlEntrega:Entrega"
 26. Elapsed Time Per Partition
 27. Analysis & Synthesis Messages



----------------
; Legal Notice ;
----------------
Copyright (C) 1991-2013 Altera Corporation
Your use of Altera Corporation's design tools, logic functions 
and other software and tools, and its AMPP partner logic 
functions, and any output files from any of the foregoing 
(including device programming or simulation files), and any 
associated documentation or information are expressly subject 
to the terms and conditions of the Altera Program License 
Subscription Agreement, Altera MegaCore Function License 
Agreement, or other applicable license agreement, including, 
without limitation, that your use is for the sole purpose of 
programming logic devices manufactured by Altera and sold by 
Altera or its authorized distributors.  Please refer to the 
applicable agreement for further details.



+---------------------------------------------------------------------------------+
; Analysis & Synthesis Summary                                                    ;
+------------------------------------+--------------------------------------------+
; Analysis & Synthesis Status        ; Successful - Thu Sep 25 10:16:49 2025      ;
; Quartus II 64-Bit Version          ; 13.1.0 Build 162 10/23/2013 SJ Web Edition ;
; Revision Name                      ; SumadorProductosFnl                        ;
; Top-level Entity Name              ; SumadorProductosFnl                        ;
; Family                             ; Cyclone III                                ;
; Total logic elements               ; 986                                        ;
;     Total combinational functions  ; 977                                        ;
;     Dedicated logic registers      ; 80                                         ;
; Total registers                    ; 80                                         ;
; Total pins                         ; 42                                         ;
; Total virtual pins                 ; 0                                          ;
; Total memory bits                  ; 0                                          ;
; Embedded Multiplier 9-bit elements ; 0                                          ;
; Total PLLs                         ; 0                                          ;
+------------------------------------+--------------------------------------------+


+------------------------------------------------------------------------------------------------------------------------+
; Analysis & Synthesis Settings                                                                                          ;
+----------------------------------------------------------------------------+---------------------+---------------------+
; Option                                                                     ; Setting             ; Default Value       ;
+----------------------------------------------------------------------------+---------------------+---------------------+
; Device                                                                     ; EP3C16F484C6        ;                     ;
; Top-level entity name                                                      ; SumadorProductosFnl ; SumadorProductosFnl ;
; Family name                                                                ; Cyclone III         ; Cyclone IV GX       ;
; Use smart compilation                                                      ; Off                 ; Off                 ;
; Enable parallel Assembler and TimeQuest Timing Analyzer during compilation ; On                  ; On                  ;
; Enable compact report table                                                ; Off                 ; Off                 ;
; Restructure Multiplexers                                                   ; Auto                ; Auto                ;
; Create Debugging Nodes for IP Cores                                        ; Off                 ; Off                 ;
; Preserve fewer node names                                                  ; On                  ; On                  ;
; Disable OpenCore Plus hardware evaluation                                  ; Off                 ; Off                 ;
; Verilog Version                                                            ; Verilog_2001        ; Verilog_2001        ;
; VHDL Version                                                               ; VHDL_1993           ; VHDL_1993           ;
; State Machine Processing                                                   ; Auto                ; Auto                ;
; Safe State Machine                                                         ; Off                 ; Off                 ;
; Extract Verilog State Machines                                             ; On                  ; On                  ;
; Extract VHDL State Machines                                                ; On                  ; On                  ;
; Ignore Verilog initial constructs                                          ; Off                 ; Off                 ;
; Iteration limit for constant Verilog loops                                 ; 5000                ; 5000                ;
; Iteration limit for non-constant Verilog loops                             ; 250                 ; 250                 ;
; Add Pass-Through Logic to Inferred RAMs                                    ; On                  ; On                  ;
; Infer RAMs from Raw Logic                                                  ; On                  ; On                  ;
; Parallel Synthesis                                                         ; On                  ; On                  ;
; DSP Block Balancing                                                        ; Auto                ; Auto                ;
; NOT Gate Push-Back                                                         ; On                  ; On                  ;
; Power-Up Don't Care                                                        ; On                  ; On                  ;
; Remove Redundant Logic Cells                                               ; Off                 ; Off                 ;
; Remove Duplicate Registers                                                 ; On                  ; On                  ;
; Ignore CARRY Buffers                                                       ; Off                 ; Off                 ;
; Ignore CASCADE Buffers                                                     ; Off                 ; Off                 ;
; Ignore GLOBAL Buffers                                                      ; Off                 ; Off                 ;
; Ignore ROW GLOBAL Buffers                                                  ; Off                 ; Off                 ;
; Ignore LCELL Buffers                                                       ; Off                 ; Off                 ;
; Ignore SOFT Buffers                                                        ; On                  ; On                  ;
; Limit AHDL Integers to 32 Bits                                             ; Off                 ; Off                 ;
; Optimization Technique                                                     ; Balanced            ; Balanced            ;
; Carry Chain Length                                                         ; 70                  ; 70                  ;
; Auto Carry Chains                                                          ; On                  ; On                  ;
; Auto Open-Drain Pins                                                       ; On                  ; On                  ;
; Perform WYSIWYG Primitive Resynthesis                                      ; Off                 ; Off                 ;
; Auto ROM Replacement                                                       ; On                  ; On                  ;
; Auto RAM Replacement                                                       ; On                  ; On                  ;
; Auto DSP Block Replacement                                                 ; On                  ; On                  ;
; Auto Shift Register Replacement                                            ; Auto                ; Auto                ;
; Allow Shift Register Merging across Hierarchies                            ; Auto                ; Auto                ;
; Auto Clock Enable Replacement                                              ; On                  ; On                  ;
; Strict RAM Replacement                                                     ; Off                 ; Off                 ;
; Allow Synchronous Control Signals                                          ; On                  ; On                  ;
; Force Use of Synchronous Clear Signals                                     ; Off                 ; Off                 ;
; Auto RAM Block Balancing                                                   ; On                  ; On                  ;
; Auto RAM to Logic Cell Conversion                                          ; Off                 ; Off                 ;
; Auto Resource Sharing                                                      ; Off                 ; Off                 ;
; Allow Any RAM Size For Recognition                                         ; Off                 ; Off                 ;
; Allow Any ROM Size For Recognition                                         ; Off                 ; Off                 ;
; Allow Any Shift Register Size For Recognition                              ; Off                 ; Off                 ;
; Use LogicLock Constraints during Resource Balancing                        ; On                  ; On                  ;
; Ignore translate_off and synthesis_off directives                          ; Off                 ; Off                 ;
; Timing-Driven Synthesis                                                    ; On                  ; On                  ;
; Report Parameter Settings                                                  ; On                  ; On                  ;
; Report Source Assignments                                                  ; On                  ; On                  ;
; Report Connectivity Checks                                                 ; On                  ; On                  ;
; Ignore Maximum Fan-Out Assignments                                         ; Off                 ; Off                 ;
; Synchronization Register Chain Length                                      ; 2                   ; 2                   ;
; PowerPlay Power Optimization                                               ; Normal compilation  ; Normal compilation  ;
; HDL message level                                                          ; Level2              ; Level2              ;
; Suppress Register Optimization Related Messages                            ; Off                 ; Off                 ;
; Number of Removed Registers Reported in Synthesis Report                   ; 5000                ; 5000                ;
; Number of Swept Nodes Reported in Synthesis Report                         ; 5000                ; 5000                ;
; Number of Inverted Registers Reported in Synthesis Report                  ; 100                 ; 100                 ;
; Clock MUX Protection                                                       ; On                  ; On                  ;
; Auto Gated Clock Conversion                                                ; Off                 ; Off                 ;
; Block Design Naming                                                        ; Auto                ; Auto                ;
; SDC constraint protection                                                  ; Off                 ; Off                 ;
; Synthesis Effort                                                           ; Auto                ; Auto                ;
; Shift Register Replacement - Allow Asynchronous Clear Signal               ; On                  ; On                  ;
; Pre-Mapping Resynthesis Optimization                                       ; Off                 ; Off                 ;
; Analysis & Synthesis Message Level                                         ; Medium              ; Medium              ;
; Disable Register Merging Across Hierarchies                                ; Auto                ; Auto                ;
; Resource Aware Inference For Block RAM                                     ; On                  ; On                  ;
; Synthesis Seed                                                             ; 1                   ; 1                   ;
+----------------------------------------------------------------------------+---------------------+---------------------+


+------------------------------------------+
; Parallel Compilation                     ;
+----------------------------+-------------+
; Processors                 ; Number      ;
+----------------------------+-------------+
; Number detected on machine ; 8           ;
; Maximum allowed            ; 4           ;
;                            ;             ;
; Average used               ; 1.00        ;
; Maximum used               ; 1           ;
;                            ;             ;
; Usage by Processor         ; % Time Used ;
;     Processor 1            ; 100.0%      ;
;     Processors 2-8         ;   0.0%      ;
+----------------------------+-------------+


+-------------------------------------------------------------------------------------------------------------------------------------------------------------------------------------------------------------------------------------------------------------------------------------+
; Analysis & Synthesis Source Files Read                                                                                                                                                                                                                                              ;
+----------------------------------------------------------+-----------------+------------------------------+---------------------------------------------------------------------------------------------------------------------------------------------------------------+---------+
; File Name with User-Entered Path                         ; Used in Netlist ; File Type                    ; File Name with Absolute Path                                                                                                                                  ; Library ;
+----------------------------------------------------------+-----------------+------------------------------+---------------------------------------------------------------------------------------------------------------------------------------------------------------+---------+
; 7segmentos/SieteSegmentos.vhd                            ; yes             ; User VHDL File               ; C:/Users/alexa/OneDrive/Documentos/VHDL/TRABAJO_FINAL/Proyecto1VHDL2025II/SumadorRestadorProductoFnl/7segmentos/SieteSegmentos.vhd                            ;         ;
; DetectorMonedas/DetectorMonedas.vhd                      ; yes             ; User VHDL File               ; C:/Users/alexa/OneDrive/Documentos/VHDL/TRABAJO_FINAL/Proyecto1VHDL2025II/SumadorRestadorProductoFnl/DetectorMonedas/DetectorMonedas.vhd                      ;         ;
; ../Divisor de frecuencia/DivisorFrecuencia.vhd           ; yes             ; User VHDL File               ; C:/Users/alexa/OneDrive/Documentos/VHDL/TRABAJO_FINAL/Proyecto1VHDL2025II/SumadorRestadorProductoFnl/Divisor de frecuencia/DivisorFrecuencia.vhd              ;         ;
; BinarioBCD(4)/BinBCD.vhd                                 ; yes             ; User VHDL File               ; C:/Users/alexa/OneDrive/Documentos/VHDL/TRABAJO_FINAL/Proyecto1VHDL2025II/SumadorRestadorProductoFnl/BinarioBCD(4)/BinBCD.vhd                                 ;         ;
; ControlEntrega/ControlEntrega.vhd                        ; yes             ; User VHDL File               ; C:/Users/alexa/OneDrive/Documentos/VHDL/TRABAJO_FINAL/Proyecto1VHDL2025II/SumadorRestadorProductoFnl/ControlEntrega/ControlEntrega.vhd                        ;         ;
; ComparadorMonedas/ComparadorMonedas.vhd                  ; yes             ; User VHDL File               ; C:/Users/alexa/OneDrive/Documentos/VHDL/TRABAJO_FINAL/Proyecto1VHDL2025II/SumadorRestadorProductoFnl/ComparadorMonedas/ComparadorMonedas.vhd                  ;         ;
; SelectorComparador/SelectorProducto/SelectorProducto.vhd ; yes             ; User VHDL File               ; C:/Users/alexa/OneDrive/Documentos/VHDL/TRABAJO_FINAL/Proyecto1VHDL2025II/SumadorRestadorProductoFnl/SelectorComparador/SelectorProducto/SelectorProducto.vhd ;         ;
; SumadorProductosFnl.vhd                                  ; yes             ; User VHDL File               ; C:/Users/alexa/OneDrive/Documentos/VHDL/TRABAJO_FINAL/Proyecto1VHDL2025II/SumadorRestadorProductoFnl/SumadorProductosFnl.vhd                                  ;         ;
; lpm_divide.tdf                                           ; yes             ; Megafunction                 ; c:/altera/13.1/quartus/libraries/megafunctions/lpm_divide.tdf                                                                                                 ;         ;
; abs_divider.inc                                          ; yes             ; Megafunction                 ; c:/altera/13.1/quartus/libraries/megafunctions/abs_divider.inc                                                                                                ;         ;
; sign_div_unsign.inc                                      ; yes             ; Megafunction                 ; c:/altera/13.1/quartus/libraries/megafunctions/sign_div_unsign.inc                                                                                            ;         ;
; aglobal131.inc                                           ; yes             ; Megafunction                 ; c:/altera/13.1/quartus/libraries/megafunctions/aglobal131.inc                                                                                                 ;         ;
; db/lpm_divide_3bm.tdf                                    ; yes             ; Auto-Generated Megafunction  ; C:/Users/alexa/OneDrive/Documentos/VHDL/TRABAJO_FINAL/Proyecto1VHDL2025II/SumadorRestadorProductoFnl/db/lpm_divide_3bm.tdf                                    ;         ;
; db/sign_div_unsign_1nh.tdf                               ; yes             ; Auto-Generated Megafunction  ; C:/Users/alexa/OneDrive/Documentos/VHDL/TRABAJO_FINAL/Proyecto1VHDL2025II/SumadorRestadorProductoFnl/db/sign_div_unsign_1nh.tdf                               ;         ;
; db/alt_u_div_d8f.tdf                                     ; yes             ; Auto-Generated Megafunction  ; C:/Users/alexa/OneDrive/Documentos/VHDL/TRABAJO_FINAL/Proyecto1VHDL2025II/SumadorRestadorProductoFnl/db/alt_u_div_d8f.tdf                                     ;         ;
; db/add_sub_unc.tdf                                       ; yes             ; Auto-Generated Megafunction  ; C:/Users/alexa/OneDrive/Documentos/VHDL/TRABAJO_FINAL/Proyecto1VHDL2025II/SumadorRestadorProductoFnl/db/add_sub_unc.tdf                                       ;         ;
; db/add_sub_vnc.tdf                                       ; yes             ; Auto-Generated Megafunction  ; C:/Users/alexa/OneDrive/Documentos/VHDL/TRABAJO_FINAL/Proyecto1VHDL2025II/SumadorRestadorProductoFnl/db/add_sub_vnc.tdf                                       ;         ;
; db/lpm_divide_jhm.tdf                                    ; yes             ; Auto-Generated Megafunction  ; C:/Users/alexa/OneDrive/Documentos/VHDL/TRABAJO_FINAL/Proyecto1VHDL2025II/SumadorRestadorProductoFnl/db/lpm_divide_jhm.tdf                                    ;         ;
; db/sign_div_unsign_klh.tdf                               ; yes             ; Auto-Generated Megafunction  ; C:/Users/alexa/OneDrive/Documentos/VHDL/TRABAJO_FINAL/Proyecto1VHDL2025II/SumadorRestadorProductoFnl/db/sign_div_unsign_klh.tdf                               ;         ;
; db/alt_u_div_j5f.tdf                                     ; yes             ; Auto-Generated Megafunction  ; C:/Users/alexa/OneDrive/Documentos/VHDL/TRABAJO_FINAL/Proyecto1VHDL2025II/SumadorRestadorProductoFnl/db/alt_u_div_j5f.tdf                                     ;         ;
; db/lpm_divide_mhm.tdf                                    ; yes             ; Auto-Generated Megafunction  ; C:/Users/alexa/OneDrive/Documentos/VHDL/TRABAJO_FINAL/Proyecto1VHDL2025II/SumadorRestadorProductoFnl/db/lpm_divide_mhm.tdf                                    ;         ;
; db/sign_div_unsign_nlh.tdf                               ; yes             ; Auto-Generated Megafunction  ; C:/Users/alexa/OneDrive/Documentos/VHDL/TRABAJO_FINAL/Proyecto1VHDL2025II/SumadorRestadorProductoFnl/db/sign_div_unsign_nlh.tdf                               ;         ;
; db/alt_u_div_p5f.tdf                                     ; yes             ; Auto-Generated Megafunction  ; C:/Users/alexa/OneDrive/Documentos/VHDL/TRABAJO_FINAL/Proyecto1VHDL2025II/SumadorRestadorProductoFnl/db/alt_u_div_p5f.tdf                                     ;         ;
; db/lpm_divide_0jm.tdf                                    ; yes             ; Auto-Generated Megafunction  ; C:/Users/alexa/OneDrive/Documentos/VHDL/TRABAJO_FINAL/Proyecto1VHDL2025II/SumadorRestadorProductoFnl/db/lpm_divide_0jm.tdf                                    ;         ;
+----------------------------------------------------------+-----------------+------------------------------+---------------------------------------------------------------------------------------------------------------------------------------------------------------+---------+


+------------------------------------------------------------------------------------------+
; Analysis & Synthesis Resource Usage Summary                                              ;
+---------------------------------------------+--------------------------------------------+
; Resource                                    ; Usage                                      ;
+---------------------------------------------+--------------------------------------------+
; Estimated Total logic elements              ; 986                                        ;
;                                             ;                                            ;
; Total combinational functions               ; 977                                        ;
; Logic element usage by number of LUT inputs ;                                            ;
;     -- 4 input functions                    ; 235                                        ;
;     -- 3 input functions                    ; 233                                        ;
;     -- <=2 input functions                  ; 509                                        ;
;                                             ;                                            ;
; Logic elements by mode                      ;                                            ;
;     -- normal mode                          ; 649                                        ;
;     -- arithmetic mode                      ; 328                                        ;
;                                             ;                                            ;
; Total registers                             ; 80                                         ;
;     -- Dedicated logic registers            ; 80                                         ;
;     -- I/O registers                        ; 0                                          ;
;                                             ;                                            ;
; I/O pins                                    ; 42                                         ;
; Embedded Multiplier 9-bit elements          ; 0                                          ;
; Maximum fan-out node                        ; DivisorFrecuencia:Divisor|clk_out_internal ;
; Maximum fan-out                             ; 55                                         ;
; Total fan-out                               ; 2843                                       ;
; Average fan-out                             ; 2.49                                       ;
+---------------------------------------------+--------------------------------------------+


+--------------------------------------------------------------------------------------------------------------------------------------------------------------------------------------------------------------------------------------------------------------------------------------------------------------+
; Analysis & Synthesis Resource Utilization by Entity                                                                                                                                                                                                                                                          ;
+-------------------------------------------+-------------------+--------------+-------------+--------------+---------+-----------+------+--------------+---------------------------------------------------------------------------------------------------------------------------------------+--------------+
; Compilation Hierarchy Node                ; LC Combinationals ; LC Registers ; Memory Bits ; DSP Elements ; DSP 9x9 ; DSP 18x18 ; Pins ; Virtual Pins ; Full Hierarchy Name                                                                                                                   ; Library Name ;
+-------------------------------------------+-------------------+--------------+-------------+--------------+---------+-----------+------+--------------+---------------------------------------------------------------------------------------------------------------------------------------+--------------+
; |SumadorProductosFnl                      ; 977 (40)          ; 80 (0)       ; 0           ; 0            ; 0       ; 0         ; 42   ; 0            ; |SumadorProductosFnl                                                                                                                  ; work         ;
;    |BinBCD:CambioBCD|                     ; 378 (0)           ; 0 (0)        ; 0           ; 0            ; 0       ; 0         ; 0    ; 0            ; |SumadorProductosFnl|BinBCD:CambioBCD                                                                                                 ; work         ;
;       |lpm_divide:Div0|                   ; 8 (0)             ; 0 (0)        ; 0           ; 0            ; 0       ; 0         ; 0    ; 0            ; |SumadorProductosFnl|BinBCD:CambioBCD|lpm_divide:Div0                                                                                 ; work         ;
;          |lpm_divide_0jm:auto_generated|  ; 8 (0)             ; 0 (0)        ; 0           ; 0            ; 0       ; 0         ; 0    ; 0            ; |SumadorProductosFnl|BinBCD:CambioBCD|lpm_divide:Div0|lpm_divide_0jm:auto_generated                                                   ; work         ;
;             |sign_div_unsign_1nh:divider| ; 8 (0)             ; 0 (0)        ; 0           ; 0            ; 0       ; 0         ; 0    ; 0            ; |SumadorProductosFnl|BinBCD:CambioBCD|lpm_divide:Div0|lpm_divide_0jm:auto_generated|sign_div_unsign_1nh:divider                       ; work         ;
;                |alt_u_div_d8f:divider|    ; 8 (8)             ; 0 (0)        ; 0           ; 0            ; 0       ; 0         ; 0    ; 0            ; |SumadorProductosFnl|BinBCD:CambioBCD|lpm_divide:Div0|lpm_divide_0jm:auto_generated|sign_div_unsign_1nh:divider|alt_u_div_d8f:divider ; work         ;
;       |lpm_divide:Div1|                   ; 69 (0)            ; 0 (0)        ; 0           ; 0            ; 0       ; 0         ; 0    ; 0            ; |SumadorProductosFnl|BinBCD:CambioBCD|lpm_divide:Div1                                                                                 ; work         ;
;          |lpm_divide_mhm:auto_generated|  ; 69 (0)            ; 0 (0)        ; 0           ; 0            ; 0       ; 0         ; 0    ; 0            ; |SumadorProductosFnl|BinBCD:CambioBCD|lpm_divide:Div1|lpm_divide_mhm:auto_generated                                                   ; work         ;
;             |sign_div_unsign_nlh:divider| ; 69 (0)            ; 0 (0)        ; 0           ; 0            ; 0       ; 0         ; 0    ; 0            ; |SumadorProductosFnl|BinBCD:CambioBCD|lpm_divide:Div1|lpm_divide_mhm:auto_generated|sign_div_unsign_nlh:divider                       ; work         ;
;                |alt_u_div_p5f:divider|    ; 69 (69)           ; 0 (0)        ; 0           ; 0            ; 0       ; 0         ; 0    ; 0            ; |SumadorProductosFnl|BinBCD:CambioBCD|lpm_divide:Div1|lpm_divide_mhm:auto_generated|sign_div_unsign_nlh:divider|alt_u_div_p5f:divider ; work         ;
;       |lpm_divide:Div2|                   ; 82 (0)            ; 0 (0)        ; 0           ; 0            ; 0       ; 0         ; 0    ; 0            ; |SumadorProductosFnl|BinBCD:CambioBCD|lpm_divide:Div2                                                                                 ; work         ;
;          |lpm_divide_jhm:auto_generated|  ; 82 (0)            ; 0 (0)        ; 0           ; 0            ; 0       ; 0         ; 0    ; 0            ; |SumadorProductosFnl|BinBCD:CambioBCD|lpm_divide:Div2|lpm_divide_jhm:auto_generated                                                   ; work         ;
;             |sign_div_unsign_klh:divider| ; 82 (0)            ; 0 (0)        ; 0           ; 0            ; 0       ; 0         ; 0    ; 0            ; |SumadorProductosFnl|BinBCD:CambioBCD|lpm_divide:Div2|lpm_divide_jhm:auto_generated|sign_div_unsign_klh:divider                       ; work         ;
;                |alt_u_div_j5f:divider|    ; 82 (82)           ; 0 (0)        ; 0           ; 0            ; 0       ; 0         ; 0    ; 0            ; |SumadorProductosFnl|BinBCD:CambioBCD|lpm_divide:Div2|lpm_divide_jhm:auto_generated|sign_div_unsign_klh:divider|alt_u_div_j5f:divider ; work         ;
;       |lpm_divide:Mod1|                   ; 9 (0)             ; 0 (0)        ; 0           ; 0            ; 0       ; 0         ; 0    ; 0            ; |SumadorProductosFnl|BinBCD:CambioBCD|lpm_divide:Mod1                                                                                 ; work         ;
;          |lpm_divide_3bm:auto_generated|  ; 9 (0)             ; 0 (0)        ; 0           ; 0            ; 0       ; 0         ; 0    ; 0            ; |SumadorProductosFnl|BinBCD:CambioBCD|lpm_divide:Mod1|lpm_divide_3bm:auto_generated                                                   ; work         ;
;             |sign_div_unsign_1nh:divider| ; 9 (0)             ; 0 (0)        ; 0           ; 0            ; 0       ; 0         ; 0    ; 0            ; |SumadorProductosFnl|BinBCD:CambioBCD|lpm_divide:Mod1|lpm_divide_3bm:auto_generated|sign_div_unsign_1nh:divider                       ; work         ;
;                |alt_u_div_d8f:divider|    ; 9 (9)             ; 0 (0)        ; 0           ; 0            ; 0       ; 0         ; 0    ; 0            ; |SumadorProductosFnl|BinBCD:CambioBCD|lpm_divide:Mod1|lpm_divide_3bm:auto_generated|sign_div_unsign_1nh:divider|alt_u_div_d8f:divider ; work         ;
;       |lpm_divide:Mod2|                   ; 83 (0)            ; 0 (0)        ; 0           ; 0            ; 0       ; 0         ; 0    ; 0            ; |SumadorProductosFnl|BinBCD:CambioBCD|lpm_divide:Mod2                                                                                 ; work         ;
;          |lpm_divide_3bm:auto_generated|  ; 83 (0)            ; 0 (0)        ; 0           ; 0            ; 0       ; 0         ; 0    ; 0            ; |SumadorProductosFnl|BinBCD:CambioBCD|lpm_divide:Mod2|lpm_divide_3bm:auto_generated                                                   ; work         ;
;             |sign_div_unsign_1nh:divider| ; 83 (0)            ; 0 (0)        ; 0           ; 0            ; 0       ; 0         ; 0    ; 0            ; |SumadorProductosFnl|BinBCD:CambioBCD|lpm_divide:Mod2|lpm_divide_3bm:auto_generated|sign_div_unsign_1nh:divider                       ; work         ;
;                |alt_u_div_d8f:divider|    ; 83 (83)           ; 0 (0)        ; 0           ; 0            ; 0       ; 0         ; 0    ; 0            ; |SumadorProductosFnl|BinBCD:CambioBCD|lpm_divide:Mod2|lpm_divide_3bm:auto_generated|sign_div_unsign_1nh:divider|alt_u_div_d8f:divider ; work         ;
;       |lpm_divide:Mod3|                   ; 127 (0)           ; 0 (0)        ; 0           ; 0            ; 0       ; 0         ; 0    ; 0            ; |SumadorProductosFnl|BinBCD:CambioBCD|lpm_divide:Mod3                                                                                 ; work         ;
;          |lpm_divide_3bm:auto_generated|  ; 127 (0)           ; 0 (0)        ; 0           ; 0            ; 0       ; 0         ; 0    ; 0            ; |SumadorProductosFnl|BinBCD:CambioBCD|lpm_divide:Mod3|lpm_divide_3bm:auto_generated                                                   ; work         ;
;             |sign_div_unsign_1nh:divider| ; 127 (0)           ; 0 (0)        ; 0           ; 0            ; 0       ; 0         ; 0    ; 0            ; |SumadorProductosFnl|BinBCD:CambioBCD|lpm_divide:Mod3|lpm_divide_3bm:auto_generated|sign_div_unsign_1nh:divider                       ; work         ;
;                |alt_u_div_d8f:divider|    ; 127 (127)         ; 0 (0)        ; 0           ; 0            ; 0       ; 0         ; 0    ; 0            ; |SumadorProductosFnl|BinBCD:CambioBCD|lpm_divide:Mod3|lpm_divide_3bm:auto_generated|sign_div_unsign_1nh:divider|alt_u_div_d8f:divider ; work         ;
;    |BinBCD:DineroBCD|                     ; 378 (0)           ; 0 (0)        ; 0           ; 0            ; 0       ; 0         ; 0    ; 0            ; |SumadorProductosFnl|BinBCD:DineroBCD                                                                                                 ; work         ;
;       |lpm_divide:Div0|                   ; 8 (0)             ; 0 (0)        ; 0           ; 0            ; 0       ; 0         ; 0    ; 0            ; |SumadorProductosFnl|BinBCD:DineroBCD|lpm_divide:Div0                                                                                 ; work         ;
;          |lpm_divide_0jm:auto_generated|  ; 8 (0)             ; 0 (0)        ; 0           ; 0            ; 0       ; 0         ; 0    ; 0            ; |SumadorProductosFnl|BinBCD:DineroBCD|lpm_divide:Div0|lpm_divide_0jm:auto_generated                                                   ; work         ;
;             |sign_div_unsign_1nh:divider| ; 8 (0)             ; 0 (0)        ; 0           ; 0            ; 0       ; 0         ; 0    ; 0            ; |SumadorProductosFnl|BinBCD:DineroBCD|lpm_divide:Div0|lpm_divide_0jm:auto_generated|sign_div_unsign_1nh:divider                       ; work         ;
;                |alt_u_div_d8f:divider|    ; 8 (8)             ; 0 (0)        ; 0           ; 0            ; 0       ; 0         ; 0    ; 0            ; |SumadorProductosFnl|BinBCD:DineroBCD|lpm_divide:Div0|lpm_divide_0jm:auto_generated|sign_div_unsign_1nh:divider|alt_u_div_d8f:divider ; work         ;
;       |lpm_divide:Div1|                   ; 69 (0)            ; 0 (0)        ; 0           ; 0            ; 0       ; 0         ; 0    ; 0            ; |SumadorProductosFnl|BinBCD:DineroBCD|lpm_divide:Div1                                                                                 ; work         ;
;          |lpm_divide_mhm:auto_generated|  ; 69 (0)            ; 0 (0)        ; 0           ; 0            ; 0       ; 0         ; 0    ; 0            ; |SumadorProductosFnl|BinBCD:DineroBCD|lpm_divide:Div1|lpm_divide_mhm:auto_generated                                                   ; work         ;
;             |sign_div_unsign_nlh:divider| ; 69 (0)            ; 0 (0)        ; 0           ; 0            ; 0       ; 0         ; 0    ; 0            ; |SumadorProductosFnl|BinBCD:DineroBCD|lpm_divide:Div1|lpm_divide_mhm:auto_generated|sign_div_unsign_nlh:divider                       ; work         ;
;                |alt_u_div_p5f:divider|    ; 69 (69)           ; 0 (0)        ; 0           ; 0            ; 0       ; 0         ; 0    ; 0            ; |SumadorProductosFnl|BinBCD:DineroBCD|lpm_divide:Div1|lpm_divide_mhm:auto_generated|sign_div_unsign_nlh:divider|alt_u_div_p5f:divider ; work         ;
;       |lpm_divide:Div2|                   ; 82 (0)            ; 0 (0)        ; 0           ; 0            ; 0       ; 0         ; 0    ; 0            ; |SumadorProductosFnl|BinBCD:DineroBCD|lpm_divide:Div2                                                                                 ; work         ;
;          |lpm_divide_jhm:auto_generated|  ; 82 (0)            ; 0 (0)        ; 0           ; 0            ; 0       ; 0         ; 0    ; 0            ; |SumadorProductosFnl|BinBCD:DineroBCD|lpm_divide:Div2|lpm_divide_jhm:auto_generated                                                   ; work         ;
;             |sign_div_unsign_klh:divider| ; 82 (0)            ; 0 (0)        ; 0           ; 0            ; 0       ; 0         ; 0    ; 0            ; |SumadorProductosFnl|BinBCD:DineroBCD|lpm_divide:Div2|lpm_divide_jhm:auto_generated|sign_div_unsign_klh:divider                       ; work         ;
;                |alt_u_div_j5f:divider|    ; 82 (82)           ; 0 (0)        ; 0           ; 0            ; 0       ; 0         ; 0    ; 0            ; |SumadorProductosFnl|BinBCD:DineroBCD|lpm_divide:Div2|lpm_divide_jhm:auto_generated|sign_div_unsign_klh:divider|alt_u_div_j5f:divider ; work         ;
;       |lpm_divide:Mod1|                   ; 9 (0)             ; 0 (0)        ; 0           ; 0            ; 0       ; 0         ; 0    ; 0            ; |SumadorProductosFnl|BinBCD:DineroBCD|lpm_divide:Mod1                                                                                 ; work         ;
;          |lpm_divide_3bm:auto_generated|  ; 9 (0)             ; 0 (0)        ; 0           ; 0            ; 0       ; 0         ; 0    ; 0            ; |SumadorProductosFnl|BinBCD:DineroBCD|lpm_divide:Mod1|lpm_divide_3bm:auto_generated                                                   ; work         ;
;             |sign_div_unsign_1nh:divider| ; 9 (0)             ; 0 (0)        ; 0           ; 0            ; 0       ; 0         ; 0    ; 0            ; |SumadorProductosFnl|BinBCD:DineroBCD|lpm_divide:Mod1|lpm_divide_3bm:auto_generated|sign_div_unsign_1nh:divider                       ; work         ;
;                |alt_u_div_d8f:divider|    ; 9 (9)             ; 0 (0)        ; 0           ; 0            ; 0       ; 0         ; 0    ; 0            ; |SumadorProductosFnl|BinBCD:DineroBCD|lpm_divide:Mod1|lpm_divide_3bm:auto_generated|sign_div_unsign_1nh:divider|alt_u_div_d8f:divider ; work         ;
;       |lpm_divide:Mod2|                   ; 83 (0)            ; 0 (0)        ; 0           ; 0            ; 0       ; 0         ; 0    ; 0            ; |SumadorProductosFnl|BinBCD:DineroBCD|lpm_divide:Mod2                                                                                 ; work         ;
;          |lpm_divide_3bm:auto_generated|  ; 83 (0)            ; 0 (0)        ; 0           ; 0            ; 0       ; 0         ; 0    ; 0            ; |SumadorProductosFnl|BinBCD:DineroBCD|lpm_divide:Mod2|lpm_divide_3bm:auto_generated                                                   ; work         ;
;             |sign_div_unsign_1nh:divider| ; 83 (0)            ; 0 (0)        ; 0           ; 0            ; 0       ; 0         ; 0    ; 0            ; |SumadorProductosFnl|BinBCD:DineroBCD|lpm_divide:Mod2|lpm_divide_3bm:auto_generated|sign_div_unsign_1nh:divider                       ; work         ;
;                |alt_u_div_d8f:divider|    ; 83 (83)           ; 0 (0)        ; 0           ; 0            ; 0       ; 0         ; 0    ; 0            ; |SumadorProductosFnl|BinBCD:DineroBCD|lpm_divide:Mod2|lpm_divide_3bm:auto_generated|sign_div_unsign_1nh:divider|alt_u_div_d8f:divider ; work         ;
;       |lpm_divide:Mod3|                   ; 127 (0)           ; 0 (0)        ; 0           ; 0            ; 0       ; 0         ; 0    ; 0            ; |SumadorProductosFnl|BinBCD:DineroBCD|lpm_divide:Mod3                                                                                 ; work         ;
;          |lpm_divide_3bm:auto_generated|  ; 127 (0)           ; 0 (0)        ; 0           ; 0            ; 0       ; 0         ; 0    ; 0            ; |SumadorProductosFnl|BinBCD:DineroBCD|lpm_divide:Mod3|lpm_divide_3bm:auto_generated                                                   ; work         ;
;             |sign_div_unsign_1nh:divider| ; 127 (0)           ; 0 (0)        ; 0           ; 0            ; 0       ; 0         ; 0    ; 0            ; |SumadorProductosFnl|BinBCD:DineroBCD|lpm_divide:Mod3|lpm_divide_3bm:auto_generated|sign_div_unsign_1nh:divider                       ; work         ;
;                |alt_u_div_d8f:divider|    ; 127 (127)         ; 0 (0)        ; 0           ; 0            ; 0       ; 0         ; 0    ; 0            ; |SumadorProductosFnl|BinBCD:DineroBCD|lpm_divide:Mod3|lpm_divide_3bm:auto_generated|sign_div_unsign_1nh:divider|alt_u_div_d8f:divider ; work         ;
;    |ComparadorMonedas:Comparador|         ; 33 (33)           ; 37 (37)      ; 0           ; 0            ; 0       ; 0         ; 0    ; 0            ; |SumadorProductosFnl|ComparadorMonedas:Comparador                                                                                     ; work         ;
;    |ControlEntrega:Entrega|               ; 11 (11)           ; 8 (8)        ; 0           ; 0            ; 0       ; 0         ; 0    ; 0            ; |SumadorProductosFnl|ControlEntrega:Entrega                                                                                           ; work         ;
;    |DetectorMonedas:Monedas|              ; 32 (32)           ; 9 (9)        ; 0           ; 0            ; 0       ; 0         ; 0    ; 0            ; |SumadorProductosFnl|DetectorMonedas:Monedas                                                                                          ; work         ;
;    |DivisorFrecuencia:Divisor|            ; 46 (46)           ; 26 (26)      ; 0           ; 0            ; 0       ; 0         ; 0    ; 0            ; |SumadorProductosFnl|DivisorFrecuencia:Divisor                                                                                        ; work         ;
;    |SelectorProducto:Selector|            ; 38 (38)           ; 0 (0)        ; 0           ; 0            ; 0       ; 0         ; 0    ; 0            ; |SumadorProductosFnl|SelectorProducto:Selector                                                                                        ; work         ;
;    |SieteSegmentos:Display0|              ; 7 (7)             ; 0 (0)        ; 0           ; 0            ; 0       ; 0         ; 0    ; 0            ; |SumadorProductosFnl|SieteSegmentos:Display0                                                                                          ; work         ;
;    |SieteSegmentos:Display1|              ; 7 (7)             ; 0 (0)        ; 0           ; 0            ; 0       ; 0         ; 0    ; 0            ; |SumadorProductosFnl|SieteSegmentos:Display1                                                                                          ; work         ;
;    |SieteSegmentos:Display2|              ; 7 (7)             ; 0 (0)        ; 0           ; 0            ; 0       ; 0         ; 0    ; 0            ; |SumadorProductosFnl|SieteSegmentos:Display2                                                                                          ; work         ;
+-------------------------------------------+-------------------+--------------+-------------+--------------+---------+-----------+------+--------------+---------------------------------------------------------------------------------------------------------------------------------------+--------------+
Note: For table entries with two numbers listed, the numbers in parentheses indicate the number of resources of the given type used by the specific entity alone. The numbers listed outside of parentheses indicate the total resources of the given type used by the specific entity and all of its sub-entities in the hierarchy.


+-------------------------------------------------------------------------------------------------------+
; Registers Removed During Synthesis                                                                    ;
+----------------------------------------------+--------------------------------------------------------+
; Register name                                ; Reason for Removal                                     ;
+----------------------------------------------+--------------------------------------------------------+
; ComparadorMonedas:Comparador|precio_int[0,1] ; Stuck at GND due to stuck port data_in                 ;
; DetectorMonedas:Monedas|acum[1]              ; Merged with DetectorMonedas:Monedas|acum[0]            ;
; ComparadorMonedas:Comparador|dinero_int[1]   ; Merged with ComparadorMonedas:Comparador|dinero_int[0] ;
; ComparadorMonedas:Comparador|cambio[1]       ; Merged with ComparadorMonedas:Comparador|cambio[0]     ;
; ComparadorMonedas:Comparador|cambio_int[1]   ; Merged with ComparadorMonedas:Comparador|cambio_int[0] ;
; Total Number of Removed Registers = 6        ;                                                        ;
+----------------------------------------------+--------------------------------------------------------+


+------------------------------------------------------+
; General Register Statistics                          ;
+----------------------------------------------+-------+
; Statistic                                    ; Value ;
+----------------------------------------------+-------+
; Total registers                              ; 80    ;
; Number of registers using Synchronous Clear  ; 6     ;
; Number of registers using Synchronous Load   ; 0     ;
; Number of registers using Asynchronous Clear ; 28    ;
; Number of registers using Asynchronous Load  ; 0     ;
; Number of registers using Clock Enable       ; 47    ;
; Number of registers using Preset             ; 0     ;
+----------------------------------------------+-------+


+-----------------------------------------------------------------------------------------------------------------------------------------------------------------------+
; Multiplexer Restructuring Statistics (Restructuring Performed)                                                                                                        ;
+--------------------+-----------+---------------+----------------------+------------------------+------------+---------------------------------------------------------+
; Multiplexer Inputs ; Bus Width ; Baseline Area ; Area if Restructured ; Saving if Restructured ; Registered ; Example Multiplexer Output                              ;
+--------------------+-----------+---------------+----------------------+------------------------+------------+---------------------------------------------------------+
; 4:1                ; 6 bits    ; 12 LEs        ; 6 LEs                ; 6 LEs                  ; Yes        ; |SumadorProductosFnl|ControlEntrega:Entrega|contador[4] ;
; 5:1                ; 7 bits    ; 21 LEs        ; 14 LEs               ; 7 LEs                  ; Yes        ; |SumadorProductosFnl|DetectorMonedas:Monedas|acum[9]    ;
+--------------------+-----------+---------------+----------------------+------------------------+------------+---------------------------------------------------------+


+-----------------------------------------------------------------------------------+
; Parameter Settings for Inferred Entity Instance: BinBCD:DineroBCD|lpm_divide:Mod3 ;
+------------------------+----------------+-----------------------------------------+
; Parameter Name         ; Value          ; Type                                    ;
+------------------------+----------------+-----------------------------------------+
; LPM_WIDTHN             ; 10             ; Untyped                                 ;
; LPM_WIDTHD             ; 10             ; Untyped                                 ;
; LPM_NREPRESENTATION    ; UNSIGNED       ; Untyped                                 ;
; LPM_DREPRESENTATION    ; UNSIGNED       ; Untyped                                 ;
; LPM_PIPELINE           ; 0              ; Untyped                                 ;
; LPM_REMAINDERPOSITIVE  ; TRUE           ; Untyped                                 ;
; MAXIMIZE_SPEED         ; 5              ; Untyped                                 ;
; CBXI_PARAMETER         ; lpm_divide_3bm ; Untyped                                 ;
; CARRY_CHAIN            ; MANUAL         ; Untyped                                 ;
; OPTIMIZE_FOR_SPEED     ; 5              ; Untyped                                 ;
; AUTO_CARRY_CHAINS      ; ON             ; AUTO_CARRY                              ;
; IGNORE_CARRY_BUFFERS   ; OFF            ; IGNORE_CARRY                            ;
; AUTO_CASCADE_CHAINS    ; ON             ; AUTO_CASCADE                            ;
; IGNORE_CASCADE_BUFFERS ; OFF            ; IGNORE_CASCADE                          ;
+------------------------+----------------+-----------------------------------------+
Note: In order to hide this table in the UI and the text report file, please set the "Show Parameter Settings in Synthesis Report" option in "Analysis and Synthesis Settings -> More Settings" to "Off".


+-----------------------------------------------------------------------------------+
; Parameter Settings for Inferred Entity Instance: BinBCD:CambioBCD|lpm_divide:Mod3 ;
+------------------------+----------------+-----------------------------------------+
; Parameter Name         ; Value          ; Type                                    ;
+------------------------+----------------+-----------------------------------------+
; LPM_WIDTHN             ; 10             ; Untyped                                 ;
; LPM_WIDTHD             ; 10             ; Untyped                                 ;
; LPM_NREPRESENTATION    ; UNSIGNED       ; Untyped                                 ;
; LPM_DREPRESENTATION    ; UNSIGNED       ; Untyped                                 ;
; LPM_PIPELINE           ; 0              ; Untyped                                 ;
; LPM_REMAINDERPOSITIVE  ; TRUE           ; Untyped                                 ;
; MAXIMIZE_SPEED         ; 5              ; Untyped                                 ;
; CBXI_PARAMETER         ; lpm_divide_3bm ; Untyped                                 ;
; CARRY_CHAIN            ; MANUAL         ; Untyped                                 ;
; OPTIMIZE_FOR_SPEED     ; 5              ; Untyped                                 ;
; AUTO_CARRY_CHAINS      ; ON             ; AUTO_CARRY                              ;
; IGNORE_CARRY_BUFFERS   ; OFF            ; IGNORE_CARRY                            ;
; AUTO_CASCADE_CHAINS    ; ON             ; AUTO_CASCADE                            ;
; IGNORE_CASCADE_BUFFERS ; OFF            ; IGNORE_CASCADE                          ;
+------------------------+----------------+-----------------------------------------+
Note: In order to hide this table in the UI and the text report file, please set the "Show Parameter Settings in Synthesis Report" option in "Analysis and Synthesis Settings -> More Settings" to "Off".


+-----------------------------------------------------------------------------------+
; Parameter Settings for Inferred Entity Instance: BinBCD:DineroBCD|lpm_divide:Div2 ;
+------------------------+----------------+-----------------------------------------+
; Parameter Name         ; Value          ; Type                                    ;
+------------------------+----------------+-----------------------------------------+
; LPM_WIDTHN             ; 10             ; Untyped                                 ;
; LPM_WIDTHD             ; 4              ; Untyped                                 ;
; LPM_NREPRESENTATION    ; UNSIGNED       ; Untyped                                 ;
; LPM_DREPRESENTATION    ; UNSIGNED       ; Untyped                                 ;
; LPM_PIPELINE           ; 0              ; Untyped                                 ;
; LPM_REMAINDERPOSITIVE  ; TRUE           ; Untyped                                 ;
; MAXIMIZE_SPEED         ; 5              ; Untyped                                 ;
; CBXI_PARAMETER         ; lpm_divide_jhm ; Untyped                                 ;
; CARRY_CHAIN            ; MANUAL         ; Untyped                                 ;
; OPTIMIZE_FOR_SPEED     ; 5              ; Untyped                                 ;
; AUTO_CARRY_CHAINS      ; ON             ; AUTO_CARRY                              ;
; IGNORE_CARRY_BUFFERS   ; OFF            ; IGNORE_CARRY                            ;
; AUTO_CASCADE_CHAINS    ; ON             ; AUTO_CASCADE                            ;
; IGNORE_CASCADE_BUFFERS ; OFF            ; IGNORE_CASCADE                          ;
+------------------------+----------------+-----------------------------------------+
Note: In order to hide this table in the UI and the text report file, please set the "Show Parameter Settings in Synthesis Report" option in "Analysis and Synthesis Settings -> More Settings" to "Off".


+-----------------------------------------------------------------------------------+
; Parameter Settings for Inferred Entity Instance: BinBCD:DineroBCD|lpm_divide:Mod2 ;
+------------------------+----------------+-----------------------------------------+
; Parameter Name         ; Value          ; Type                                    ;
+------------------------+----------------+-----------------------------------------+
; LPM_WIDTHN             ; 10             ; Untyped                                 ;
; LPM_WIDTHD             ; 10             ; Untyped                                 ;
; LPM_NREPRESENTATION    ; UNSIGNED       ; Untyped                                 ;
; LPM_DREPRESENTATION    ; UNSIGNED       ; Untyped                                 ;
; LPM_PIPELINE           ; 0              ; Untyped                                 ;
; LPM_REMAINDERPOSITIVE  ; TRUE           ; Untyped                                 ;
; MAXIMIZE_SPEED         ; 5              ; Untyped                                 ;
; CBXI_PARAMETER         ; lpm_divide_3bm ; Untyped                                 ;
; CARRY_CHAIN            ; MANUAL         ; Untyped                                 ;
; OPTIMIZE_FOR_SPEED     ; 5              ; Untyped                                 ;
; AUTO_CARRY_CHAINS      ; ON             ; AUTO_CARRY                              ;
; IGNORE_CARRY_BUFFERS   ; OFF            ; IGNORE_CARRY                            ;
; AUTO_CASCADE_CHAINS    ; ON             ; AUTO_CASCADE                            ;
; IGNORE_CASCADE_BUFFERS ; OFF            ; IGNORE_CASCADE                          ;
+------------------------+----------------+-----------------------------------------+
Note: In order to hide this table in the UI and the text report file, please set the "Show Parameter Settings in Synthesis Report" option in "Analysis and Synthesis Settings -> More Settings" to "Off".


+-----------------------------------------------------------------------------------+
; Parameter Settings for Inferred Entity Instance: BinBCD:CambioBCD|lpm_divide:Div2 ;
+------------------------+----------------+-----------------------------------------+
; Parameter Name         ; Value          ; Type                                    ;
+------------------------+----------------+-----------------------------------------+
; LPM_WIDTHN             ; 10             ; Untyped                                 ;
; LPM_WIDTHD             ; 4              ; Untyped                                 ;
; LPM_NREPRESENTATION    ; UNSIGNED       ; Untyped                                 ;
; LPM_DREPRESENTATION    ; UNSIGNED       ; Untyped                                 ;
; LPM_PIPELINE           ; 0              ; Untyped                                 ;
; LPM_REMAINDERPOSITIVE  ; TRUE           ; Untyped                                 ;
; MAXIMIZE_SPEED         ; 5              ; Untyped                                 ;
; CBXI_PARAMETER         ; lpm_divide_jhm ; Untyped                                 ;
; CARRY_CHAIN            ; MANUAL         ; Untyped                                 ;
; OPTIMIZE_FOR_SPEED     ; 5              ; Untyped                                 ;
; AUTO_CARRY_CHAINS      ; ON             ; AUTO_CARRY                              ;
; IGNORE_CARRY_BUFFERS   ; OFF            ; IGNORE_CARRY                            ;
; AUTO_CASCADE_CHAINS    ; ON             ; AUTO_CASCADE                            ;
; IGNORE_CASCADE_BUFFERS ; OFF            ; IGNORE_CASCADE                          ;
+------------------------+----------------+-----------------------------------------+
Note: In order to hide this table in the UI and the text report file, please set the "Show Parameter Settings in Synthesis Report" option in "Analysis and Synthesis Settings -> More Settings" to "Off".


+-----------------------------------------------------------------------------------+
; Parameter Settings for Inferred Entity Instance: BinBCD:CambioBCD|lpm_divide:Mod2 ;
+------------------------+----------------+-----------------------------------------+
; Parameter Name         ; Value          ; Type                                    ;
+------------------------+----------------+-----------------------------------------+
; LPM_WIDTHN             ; 10             ; Untyped                                 ;
; LPM_WIDTHD             ; 10             ; Untyped                                 ;
; LPM_NREPRESENTATION    ; UNSIGNED       ; Untyped                                 ;
; LPM_DREPRESENTATION    ; UNSIGNED       ; Untyped                                 ;
; LPM_PIPELINE           ; 0              ; Untyped                                 ;
; LPM_REMAINDERPOSITIVE  ; TRUE           ; Untyped                                 ;
; MAXIMIZE_SPEED         ; 5              ; Untyped                                 ;
; CBXI_PARAMETER         ; lpm_divide_3bm ; Untyped                                 ;
; CARRY_CHAIN            ; MANUAL         ; Untyped                                 ;
; OPTIMIZE_FOR_SPEED     ; 5              ; Untyped                                 ;
; AUTO_CARRY_CHAINS      ; ON             ; AUTO_CARRY                              ;
; IGNORE_CARRY_BUFFERS   ; OFF            ; IGNORE_CARRY                            ;
; AUTO_CASCADE_CHAINS    ; ON             ; AUTO_CASCADE                            ;
; IGNORE_CASCADE_BUFFERS ; OFF            ; IGNORE_CASCADE                          ;
+------------------------+----------------+-----------------------------------------+
Note: In order to hide this table in the UI and the text report file, please set the "Show Parameter Settings in Synthesis Report" option in "Analysis and Synthesis Settings -> More Settings" to "Off".


+-----------------------------------------------------------------------------------+
; Parameter Settings for Inferred Entity Instance: BinBCD:DineroBCD|lpm_divide:Div1 ;
+------------------------+----------------+-----------------------------------------+
; Parameter Name         ; Value          ; Type                                    ;
+------------------------+----------------+-----------------------------------------+
; LPM_WIDTHN             ; 10             ; Untyped                                 ;
; LPM_WIDTHD             ; 7              ; Untyped                                 ;
; LPM_NREPRESENTATION    ; UNSIGNED       ; Untyped                                 ;
; LPM_DREPRESENTATION    ; UNSIGNED       ; Untyped                                 ;
; LPM_PIPELINE           ; 0              ; Untyped                                 ;
; LPM_REMAINDERPOSITIVE  ; TRUE           ; Untyped                                 ;
; MAXIMIZE_SPEED         ; 5              ; Untyped                                 ;
; CBXI_PARAMETER         ; lpm_divide_mhm ; Untyped                                 ;
; CARRY_CHAIN            ; MANUAL         ; Untyped                                 ;
; OPTIMIZE_FOR_SPEED     ; 5              ; Untyped                                 ;
; AUTO_CARRY_CHAINS      ; ON             ; AUTO_CARRY                              ;
; IGNORE_CARRY_BUFFERS   ; OFF            ; IGNORE_CARRY                            ;
; AUTO_CASCADE_CHAINS    ; ON             ; AUTO_CASCADE                            ;
; IGNORE_CASCADE_BUFFERS ; OFF            ; IGNORE_CASCADE                          ;
+------------------------+----------------+-----------------------------------------+
Note: In order to hide this table in the UI and the text report file, please set the "Show Parameter Settings in Synthesis Report" option in "Analysis and Synthesis Settings -> More Settings" to "Off".


+-----------------------------------------------------------------------------------+
; Parameter Settings for Inferred Entity Instance: BinBCD:DineroBCD|lpm_divide:Mod1 ;
+------------------------+----------------+-----------------------------------------+
; Parameter Name         ; Value          ; Type                                    ;
+------------------------+----------------+-----------------------------------------+
; LPM_WIDTHN             ; 10             ; Untyped                                 ;
; LPM_WIDTHD             ; 10             ; Untyped                                 ;
; LPM_NREPRESENTATION    ; UNSIGNED       ; Untyped                                 ;
; LPM_DREPRESENTATION    ; UNSIGNED       ; Untyped                                 ;
; LPM_PIPELINE           ; 0              ; Untyped                                 ;
; LPM_REMAINDERPOSITIVE  ; TRUE           ; Untyped                                 ;
; MAXIMIZE_SPEED         ; 5              ; Untyped                                 ;
; CBXI_PARAMETER         ; lpm_divide_3bm ; Untyped                                 ;
; CARRY_CHAIN            ; MANUAL         ; Untyped                                 ;
; OPTIMIZE_FOR_SPEED     ; 5              ; Untyped                                 ;
; AUTO_CARRY_CHAINS      ; ON             ; AUTO_CARRY                              ;
; IGNORE_CARRY_BUFFERS   ; OFF            ; IGNORE_CARRY                            ;
; AUTO_CASCADE_CHAINS    ; ON             ; AUTO_CASCADE                            ;
; IGNORE_CASCADE_BUFFERS ; OFF            ; IGNORE_CASCADE                          ;
+------------------------+----------------+-----------------------------------------+
Note: In order to hide this table in the UI and the text report file, please set the "Show Parameter Settings in Synthesis Report" option in "Analysis and Synthesis Settings -> More Settings" to "Off".


+-----------------------------------------------------------------------------------+
; Parameter Settings for Inferred Entity Instance: BinBCD:CambioBCD|lpm_divide:Div1 ;
+------------------------+----------------+-----------------------------------------+
; Parameter Name         ; Value          ; Type                                    ;
+------------------------+----------------+-----------------------------------------+
; LPM_WIDTHN             ; 10             ; Untyped                                 ;
; LPM_WIDTHD             ; 7              ; Untyped                                 ;
; LPM_NREPRESENTATION    ; UNSIGNED       ; Untyped                                 ;
; LPM_DREPRESENTATION    ; UNSIGNED       ; Untyped                                 ;
; LPM_PIPELINE           ; 0              ; Untyped                                 ;
; LPM_REMAINDERPOSITIVE  ; TRUE           ; Untyped                                 ;
; MAXIMIZE_SPEED         ; 5              ; Untyped                                 ;
; CBXI_PARAMETER         ; lpm_divide_mhm ; Untyped                                 ;
; CARRY_CHAIN            ; MANUAL         ; Untyped                                 ;
; OPTIMIZE_FOR_SPEED     ; 5              ; Untyped                                 ;
; AUTO_CARRY_CHAINS      ; ON             ; AUTO_CARRY                              ;
; IGNORE_CARRY_BUFFERS   ; OFF            ; IGNORE_CARRY                            ;
; AUTO_CASCADE_CHAINS    ; ON             ; AUTO_CASCADE                            ;
; IGNORE_CASCADE_BUFFERS ; OFF            ; IGNORE_CASCADE                          ;
+------------------------+----------------+-----------------------------------------+
Note: In order to hide this table in the UI and the text report file, please set the "Show Parameter Settings in Synthesis Report" option in "Analysis and Synthesis Settings -> More Settings" to "Off".


+-----------------------------------------------------------------------------------+
; Parameter Settings for Inferred Entity Instance: BinBCD:CambioBCD|lpm_divide:Mod1 ;
+------------------------+----------------+-----------------------------------------+
; Parameter Name         ; Value          ; Type                                    ;
+------------------------+----------------+-----------------------------------------+
; LPM_WIDTHN             ; 10             ; Untyped                                 ;
; LPM_WIDTHD             ; 10             ; Untyped                                 ;
; LPM_NREPRESENTATION    ; UNSIGNED       ; Untyped                                 ;
; LPM_DREPRESENTATION    ; UNSIGNED       ; Untyped                                 ;
; LPM_PIPELINE           ; 0              ; Untyped                                 ;
; LPM_REMAINDERPOSITIVE  ; TRUE           ; Untyped                                 ;
; MAXIMIZE_SPEED         ; 5              ; Untyped                                 ;
; CBXI_PARAMETER         ; lpm_divide_3bm ; Untyped                                 ;
; CARRY_CHAIN            ; MANUAL         ; Untyped                                 ;
; OPTIMIZE_FOR_SPEED     ; 5              ; Untyped                                 ;
; AUTO_CARRY_CHAINS      ; ON             ; AUTO_CARRY                              ;
; IGNORE_CARRY_BUFFERS   ; OFF            ; IGNORE_CARRY                            ;
; AUTO_CASCADE_CHAINS    ; ON             ; AUTO_CASCADE                            ;
; IGNORE_CASCADE_BUFFERS ; OFF            ; IGNORE_CASCADE                          ;
+------------------------+----------------+-----------------------------------------+
Note: In order to hide this table in the UI and the text report file, please set the "Show Parameter Settings in Synthesis Report" option in "Analysis and Synthesis Settings -> More Settings" to "Off".


+-----------------------------------------------------------------------------------+
; Parameter Settings for Inferred Entity Instance: BinBCD:DineroBCD|lpm_divide:Div0 ;
+------------------------+----------------+-----------------------------------------+
; Parameter Name         ; Value          ; Type                                    ;
+------------------------+----------------+-----------------------------------------+
; LPM_WIDTHN             ; 10             ; Untyped                                 ;
; LPM_WIDTHD             ; 10             ; Untyped                                 ;
; LPM_NREPRESENTATION    ; UNSIGNED       ; Untyped                                 ;
; LPM_DREPRESENTATION    ; UNSIGNED       ; Untyped                                 ;
; LPM_PIPELINE           ; 0              ; Untyped                                 ;
; LPM_REMAINDERPOSITIVE  ; TRUE           ; Untyped                                 ;
; MAXIMIZE_SPEED         ; 5              ; Untyped                                 ;
; CBXI_PARAMETER         ; lpm_divide_0jm ; Untyped                                 ;
; CARRY_CHAIN            ; MANUAL         ; Untyped                                 ;
; OPTIMIZE_FOR_SPEED     ; 5              ; Untyped                                 ;
; AUTO_CARRY_CHAINS      ; ON             ; AUTO_CARRY                              ;
; IGNORE_CARRY_BUFFERS   ; OFF            ; IGNORE_CARRY                            ;
; AUTO_CASCADE_CHAINS    ; ON             ; AUTO_CASCADE                            ;
; IGNORE_CASCADE_BUFFERS ; OFF            ; IGNORE_CASCADE                          ;
+------------------------+----------------+-----------------------------------------+
Note: In order to hide this table in the UI and the text report file, please set the "Show Parameter Settings in Synthesis Report" option in "Analysis and Synthesis Settings -> More Settings" to "Off".


+-----------------------------------------------------------------------------------+
; Parameter Settings for Inferred Entity Instance: BinBCD:DineroBCD|lpm_divide:Mod0 ;
+------------------------+----------------+-----------------------------------------+
; Parameter Name         ; Value          ; Type                                    ;
+------------------------+----------------+-----------------------------------------+
; LPM_WIDTHN             ; 10             ; Untyped                                 ;
; LPM_WIDTHD             ; 10             ; Untyped                                 ;
; LPM_NREPRESENTATION    ; UNSIGNED       ; Untyped                                 ;
; LPM_DREPRESENTATION    ; UNSIGNED       ; Untyped                                 ;
; LPM_PIPELINE           ; 0              ; Untyped                                 ;
; LPM_REMAINDERPOSITIVE  ; TRUE           ; Untyped                                 ;
; MAXIMIZE_SPEED         ; 5              ; Untyped                                 ;
; CBXI_PARAMETER         ; lpm_divide_3bm ; Untyped                                 ;
; CARRY_CHAIN            ; MANUAL         ; Untyped                                 ;
; OPTIMIZE_FOR_SPEED     ; 5              ; Untyped                                 ;
; AUTO_CARRY_CHAINS      ; ON             ; AUTO_CARRY                              ;
; IGNORE_CARRY_BUFFERS   ; OFF            ; IGNORE_CARRY                            ;
; AUTO_CASCADE_CHAINS    ; ON             ; AUTO_CASCADE                            ;
; IGNORE_CASCADE_BUFFERS ; OFF            ; IGNORE_CASCADE                          ;
+------------------------+----------------+-----------------------------------------+
Note: In order to hide this table in the UI and the text report file, please set the "Show Parameter Settings in Synthesis Report" option in "Analysis and Synthesis Settings -> More Settings" to "Off".


+-----------------------------------------------------------------------------------+
; Parameter Settings for Inferred Entity Instance: BinBCD:CambioBCD|lpm_divide:Div0 ;
+------------------------+----------------+-----------------------------------------+
; Parameter Name         ; Value          ; Type                                    ;
+------------------------+----------------+-----------------------------------------+
; LPM_WIDTHN             ; 10             ; Untyped                                 ;
; LPM_WIDTHD             ; 10             ; Untyped                                 ;
; LPM_NREPRESENTATION    ; UNSIGNED       ; Untyped                                 ;
; LPM_DREPRESENTATION    ; UNSIGNED       ; Untyped                                 ;
; LPM_PIPELINE           ; 0              ; Untyped                                 ;
; LPM_REMAINDERPOSITIVE  ; TRUE           ; Untyped                                 ;
; MAXIMIZE_SPEED         ; 5              ; Untyped                                 ;
; CBXI_PARAMETER         ; lpm_divide_0jm ; Untyped                                 ;
; CARRY_CHAIN            ; MANUAL         ; Untyped                                 ;
; OPTIMIZE_FOR_SPEED     ; 5              ; Untyped                                 ;
; AUTO_CARRY_CHAINS      ; ON             ; AUTO_CARRY                              ;
; IGNORE_CARRY_BUFFERS   ; OFF            ; IGNORE_CARRY                            ;
; AUTO_CASCADE_CHAINS    ; ON             ; AUTO_CASCADE                            ;
; IGNORE_CASCADE_BUFFERS ; OFF            ; IGNORE_CASCADE                          ;
+------------------------+----------------+-----------------------------------------+
Note: In order to hide this table in the UI and the text report file, please set the "Show Parameter Settings in Synthesis Report" option in "Analysis and Synthesis Settings -> More Settings" to "Off".


+-----------------------------------------------------------------------------------+
; Parameter Settings for Inferred Entity Instance: BinBCD:CambioBCD|lpm_divide:Mod0 ;
+------------------------+----------------+-----------------------------------------+
; Parameter Name         ; Value          ; Type                                    ;
+------------------------+----------------+-----------------------------------------+
; LPM_WIDTHN             ; 10             ; Untyped                                 ;
; LPM_WIDTHD             ; 10             ; Untyped                                 ;
; LPM_NREPRESENTATION    ; UNSIGNED       ; Untyped                                 ;
; LPM_DREPRESENTATION    ; UNSIGNED       ; Untyped                                 ;
; LPM_PIPELINE           ; 0              ; Untyped                                 ;
; LPM_REMAINDERPOSITIVE  ; TRUE           ; Untyped                                 ;
; MAXIMIZE_SPEED         ; 5              ; Untyped                                 ;
; CBXI_PARAMETER         ; lpm_divide_3bm ; Untyped                                 ;
; CARRY_CHAIN            ; MANUAL         ; Untyped                                 ;
; OPTIMIZE_FOR_SPEED     ; 5              ; Untyped                                 ;
; AUTO_CARRY_CHAINS      ; ON             ; AUTO_CARRY                              ;
; IGNORE_CARRY_BUFFERS   ; OFF            ; IGNORE_CARRY                            ;
; AUTO_CASCADE_CHAINS    ; ON             ; AUTO_CASCADE                            ;
; IGNORE_CASCADE_BUFFERS ; OFF            ; IGNORE_CASCADE                          ;
+------------------------+----------------+-----------------------------------------+
Note: In order to hide this table in the UI and the text report file, please set the "Show Parameter Settings in Synthesis Report" option in "Analysis and Synthesis Settings -> More Settings" to "Off".


+--------------------------------------------------------------------------------------------------------------------------+
; Port Connectivity Checks: "ControlEntrega:Entrega"                                                                       ;
+----------------+--------+----------+-------------------------------------------------------------------------------------+
; Port           ; Type   ; Severity ; Details                                                                             ;
+----------------+--------+----------+-------------------------------------------------------------------------------------+
; entrega_activa ; Output ; Info     ; Connected to dangling logic. Logic that only feeds a dangling port will be removed. ;
+----------------+--------+----------+-------------------------------------------------------------------------------------+


+-------------------------------+
; Elapsed Time Per Partition    ;
+----------------+--------------+
; Partition Name ; Elapsed Time ;
+----------------+--------------+
; Top            ; 00:00:02     ;
+----------------+--------------+


+-------------------------------+
; Analysis & Synthesis Messages ;
+-------------------------------+
Info: *******************************************************************
Info: Running Quartus II 64-Bit Analysis & Synthesis
    Info: Version 13.1.0 Build 162 10/23/2013 SJ Web Edition
    Info: Processing started: Thu Sep 25 10:16:44 2025
Info: Command: quartus_map --read_settings_files=on --write_settings_files=off SumadorProductosFnl -c SumadorProductosFnl
Info (11104): Parallel Compilation has detected 8 hyper-threaded processors. However, the extra hyper-threaded processors will not be used by default. Parallel Compilation will use 4 of the 4 physical processors detected instead.
Info (12021): Found 2 design units, including 1 entities, in source file 7segmentos/sietesegmentos.vhd
    Info (12022): Found design unit 1: SieteSegmentos-arch_SieteSegmentos
    Info (12023): Found entity 1: SieteSegmentos
Info (12021): Found 2 design units, including 1 entities, in source file detectormonedas/detectormonedas.vhd
    Info (12022): Found design unit 1: DetectorMonedas-arch_DetectorMonedas
    Info (12023): Found entity 1: DetectorMonedas
Info (12021): Found 2 design units, including 1 entities, in source file divisor de frecuencia/divisorfrecuencia.vhd
    Info (12022): Found design unit 1: DivisorFrecuencia-arch_DivisorFrecuencia
    Info (12023): Found entity 1: DivisorFrecuencia
Info (12021): Found 2 design units, including 1 entities, in source file binariobcd(4)/binbcd.vhd
    Info (12022): Found design unit 1: BinBCD-arch_BinBCD
    Info (12023): Found entity 1: BinBCD
Info (12021): Found 2 design units, including 1 entities, in source file controlentrega/controlentrega.vhd
    Info (12022): Found design unit 1: ControlEntrega-arch_ControlEntrega
    Info (12023): Found entity 1: ControlEntrega
Info (12021): Found 2 design units, including 1 entities, in source file comparadormonedas/comparadormonedas.vhd
    Info (12022): Found design unit 1: ComparadorMonedas-arch_ComparadorMonedas
    Info (12023): Found entity 1: ComparadorMonedas
Info (12021): Found 2 design units, including 1 entities, in source file selectorcomparador/selectorproducto/selectorproducto.vhd
    Info (12022): Found design unit 1: SelectorProducto-arch_SelectorProducto
    Info (12023): Found entity 1: SelectorProducto
Info (12021): Found 2 design units, including 1 entities, in source file sumadorproductosfnl.vhd
    Info (12022): Found design unit 1: SumadorProductosFnl-arch_SumadorProductosFnl
    Info (12023): Found entity 1: SumadorProductosFnl
Info (12127): Elaborating entity "SumadorProductosFnl" for the top level hierarchy
Info (12128): Elaborating entity "DivisorFrecuencia" for hierarchy "DivisorFrecuencia:Divisor"
Info (12128): Elaborating entity "DetectorMonedas" for hierarchy "DetectorMonedas:Monedas"
Info (12128): Elaborating entity "SelectorProducto" for hierarchy "SelectorProducto:Selector"
Info (12128): Elaborating entity "ComparadorMonedas" for hierarchy "ComparadorMonedas:Comparador"
Info (12128): Elaborating entity "ControlEntrega" for hierarchy "ControlEntrega:Entrega"
Info (12128): Elaborating entity "BinBCD" for hierarchy "BinBCD:DineroBCD"
Info (12128): Elaborating entity "SieteSegmentos" for hierarchy "SieteSegmentos:Display0"
Info (278001): Inferred 14 megafunctions from design logic
    Info (278004): Inferred divider/modulo megafunction ("lpm_divide") from the following logic: "BinBCD:DineroBCD|Mod3"
    Info (278004): Inferred divider/modulo megafunction ("lpm_divide") from the following logic: "BinBCD:CambioBCD|Mod3"
    Info (278004): Inferred divider/modulo megafunction ("lpm_divide") from the following logic: "BinBCD:DineroBCD|Div2"
    Info (278004): Inferred divider/modulo megafunction ("lpm_divide") from the following logic: "BinBCD:DineroBCD|Mod2"
    Info (278004): Inferred divider/modulo megafunction ("lpm_divide") from the following logic: "BinBCD:CambioBCD|Div2"
    Info (278004): Inferred divider/modulo megafunction ("lpm_divide") from the following logic: "BinBCD:CambioBCD|Mod2"
    Info (278004): Inferred divider/modulo megafunction ("lpm_divide") from the following logic: "BinBCD:DineroBCD|Div1"
    Info (278004): Inferred divider/modulo megafunction ("lpm_divide") from the following logic: "BinBCD:DineroBCD|Mod1"
    Info (278004): Inferred divider/modulo megafunction ("lpm_divide") from the following logic: "BinBCD:CambioBCD|Div1"
    Info (278004): Inferred divider/modulo megafunction ("lpm_divide") from the following logic: "BinBCD:CambioBCD|Mod1"
    Info (278004): Inferred divider/modulo megafunction ("lpm_divide") from the following logic: "BinBCD:DineroBCD|Div0"
    Info (278004): Inferred divider/modulo megafunction ("lpm_divide") from the following logic: "BinBCD:DineroBCD|Mod0"
    Info (278004): Inferred divider/modulo megafunction ("lpm_divide") from the following logic: "BinBCD:CambioBCD|Div0"
    Info (278004): Inferred divider/modulo megafunction ("lpm_divide") from the following logic: "BinBCD:CambioBCD|Mod0"
Info (12130): Elaborated megafunction instantiation "BinBCD:DineroBCD|lpm_divide:Mod3"
Info (12133): Instantiated megafunction "BinBCD:DineroBCD|lpm_divide:Mod3" with the following parameter:
    Info (12134): Parameter "LPM_WIDTHN" = "10"
    Info (12134): Parameter "LPM_WIDTHD" = "10"
    Info (12134): Parameter "LPM_NREPRESENTATION" = "UNSIGNED"
    Info (12134): Parameter "LPM_DREPRESENTATION" = "UNSIGNED"
Info (12021): Found 1 design units, including 1 entities, in source file db/lpm_divide_3bm.tdf
    Info (12023): Found entity 1: lpm_divide_3bm
Info (12021): Found 1 design units, including 1 entities, in source file db/sign_div_unsign_1nh.tdf
    Info (12023): Found entity 1: sign_div_unsign_1nh
Info (12021): Found 1 design units, including 1 entities, in source file db/alt_u_div_d8f.tdf
    Info (12023): Found entity 1: alt_u_div_d8f
Info (12021): Found 1 design units, including 1 entities, in source file db/add_sub_unc.tdf
    Info (12023): Found entity 1: add_sub_unc
Info (12021): Found 1 design units, including 1 entities, in source file db/add_sub_vnc.tdf
    Info (12023): Found entity 1: add_sub_vnc
Info (12130): Elaborated megafunction instantiation "BinBCD:DineroBCD|lpm_divide:Div2"
Info (12133): Instantiated megafunction "BinBCD:DineroBCD|lpm_divide:Div2" with the following parameter:
    Info (12134): Parameter "LPM_WIDTHN" = "10"
    Info (12134): Parameter "LPM_WIDTHD" = "4"
    Info (12134): Parameter "LPM_NREPRESENTATION" = "UNSIGNED"
    Info (12134): Parameter "LPM_DREPRESENTATION" = "UNSIGNED"
Info (12021): Found 1 design units, including 1 entities, in source file db/lpm_divide_jhm.tdf
    Info (12023): Found entity 1: lpm_divide_jhm
Info (12021): Found 1 design units, including 1 entities, in source file db/sign_div_unsign_klh.tdf
    Info (12023): Found entity 1: sign_div_unsign_klh
Info (12021): Found 1 design units, including 1 entities, in source file db/alt_u_div_j5f.tdf
    Info (12023): Found entity 1: alt_u_div_j5f
Info (12130): Elaborated megafunction instantiation "BinBCD:DineroBCD|lpm_divide:Div1"
Info (12133): Instantiated megafunction "BinBCD:DineroBCD|lpm_divide:Div1" with the following parameter:
    Info (12134): Parameter "LPM_WIDTHN" = "10"
    Info (12134): Parameter "LPM_WIDTHD" = "7"
    Info (12134): Parameter "LPM_NREPRESENTATION" = "UNSIGNED"
    Info (12134): Parameter "LPM_DREPRESENTATION" = "UNSIGNED"
Info (12021): Found 1 design units, including 1 entities, in source file db/lpm_divide_mhm.tdf
    Info (12023): Found entity 1: lpm_divide_mhm
Info (12021): Found 1 design units, including 1 entities, in source file db/sign_div_unsign_nlh.tdf
    Info (12023): Found entity 1: sign_div_unsign_nlh
Info (12021): Found 1 design units, including 1 entities, in source file db/alt_u_div_p5f.tdf
    Info (12023): Found entity 1: alt_u_div_p5f
Info (12130): Elaborated megafunction instantiation "BinBCD:DineroBCD|lpm_divide:Div0"
Info (12133): Instantiated megafunction "BinBCD:DineroBCD|lpm_divide:Div0" with the following parameter:
    Info (12134): Parameter "LPM_WIDTHN" = "10"
    Info (12134): Parameter "LPM_WIDTHD" = "10"
    Info (12134): Parameter "LPM_NREPRESENTATION" = "UNSIGNED"
    Info (12134): Parameter "LPM_DREPRESENTATION" = "UNSIGNED"
Info (12021): Found 1 design units, including 1 entities, in source file db/lpm_divide_0jm.tdf
    Info (12023): Found entity 1: lpm_divide_0jm
Warning (13024): Output pins are stuck at VCC or GND
    Warning (13410): Pin "SEG3[1]" is stuck at GND
    Warning (13410): Pin "SEG3[2]" is stuck at GND
    Warning (13410): Pin "SEG3[6]" is stuck at VCC
Info (286030): Timing-Driven Synthesis is running
Info (17016): Found the following redundant logic cells in design
    Info (17048): Logic cell "BinBCD:DineroBCD|lpm_divide:Mod2|lpm_divide_3bm:auto_generated|sign_div_unsign_1nh:divider|alt_u_div_d8f:divider|add_sub_9_result_int[0]~0"
    Info (17048): Logic cell "BinBCD:DineroBCD|lpm_divide:Mod2|lpm_divide_3bm:auto_generated|sign_div_unsign_1nh:divider|alt_u_div_d8f:divider|add_sub_6_result_int[0]~14"
    Info (17048): Logic cell "BinBCD:DineroBCD|lpm_divide:Mod2|lpm_divide_3bm:auto_generated|sign_div_unsign_1nh:divider|alt_u_div_d8f:divider|add_sub_7_result_int[0]~16"
    Info (17048): Logic cell "BinBCD:DineroBCD|lpm_divide:Mod2|lpm_divide_3bm:auto_generated|sign_div_unsign_1nh:divider|alt_u_div_d8f:divider|add_sub_8_result_int[0]~18"
    Info (17048): Logic cell "BinBCD:CambioBCD|lpm_divide:Mod2|lpm_divide_3bm:auto_generated|sign_div_unsign_1nh:divider|alt_u_div_d8f:divider|add_sub_6_result_int[0]~14"
    Info (17048): Logic cell "BinBCD:CambioBCD|lpm_divide:Mod2|lpm_divide_3bm:auto_generated|sign_div_unsign_1nh:divider|alt_u_div_d8f:divider|add_sub_7_result_int[0]~16"
    Info (17048): Logic cell "BinBCD:CambioBCD|lpm_divide:Mod2|lpm_divide_3bm:auto_generated|sign_div_unsign_1nh:divider|alt_u_div_d8f:divider|add_sub_8_result_int[0]~18"
    Info (17048): Logic cell "BinBCD:CambioBCD|lpm_divide:Mod2|lpm_divide_3bm:auto_generated|sign_div_unsign_1nh:divider|alt_u_div_d8f:divider|add_sub_9_result_int[0]~20"
    Info (17048): Logic cell "BinBCD:DineroBCD|lpm_divide:Mod1|lpm_divide_3bm:auto_generated|sign_div_unsign_1nh:divider|alt_u_div_d8f:divider|op_8~0"
    Info (17048): Logic cell "BinBCD:CambioBCD|lpm_divide:Mod1|lpm_divide_3bm:auto_generated|sign_div_unsign_1nh:divider|alt_u_div_d8f:divider|op_8~0"
Info (16010): Generating hard_block partition "hard_block:auto_generated_inst"
    Info (16011): Adding 0 node(s), including 0 DDIO, 0 PLL, 0 transceiver and 0 LCELL
Info (21057): Implemented 1028 device resources after synthesis - the final resource count might be different
    Info (21058): Implemented 12 input pins
    Info (21059): Implemented 30 output pins
    Info (21061): Implemented 986 logic cells
Info: Quartus II 64-Bit Analysis & Synthesis was successful. 0 errors, 4 warnings
    Info: Peak virtual memory: 4699 megabytes
    Info: Processing ended: Thu Sep 25 10:16:49 2025
    Info: Elapsed time: 00:00:05
    Info: Total CPU time (on all processors): 00:00:05


